<?xml version="1.0" encoding="UTF-8"?>
<testng-results ignored="0" total="2" passed="2" failed="0" skipped="0">
  <reporter-output>
  </reporter-output>
  <suite started-at="2020-08-08T00:43:01 EDT" name="Default suite" finished-at="2020-08-08T00:43:15 EDT" duration-ms="14018">
    <groups>
    </groups>
    <test started-at="2020-08-08T00:43:01 EDT" name="Default test" finished-at="2020-08-08T00:43:15 EDT" duration-ms="14018">
      <class name="testAutomation.WebBrowserTesting">
        <test-method is-config="true" signature="beforeClass()[pri:0, instance:testAutomation.WebBrowserTesting@233fe9b6]" started-at="2020-08-08T00:43:01 EDT" name="beforeClass" finished-at="2020-08-08T00:43:10 EDT" duration-ms="8973" status="PASS">
          <reporter-output>
          </reporter-output>
        </test-method> <!-- beforeClass -->
        <test-method signature="Login()[pri:0, instance:testAutomation.WebBrowserTesting@233fe9b6]" started-at="2020-08-08T00:43:10 EDT" name="Login" finished-at="2020-08-08T00:43:12 EDT" duration-ms="1697" status="PASS">
          <reporter-output>
          </reporter-output>
        </test-method> <!-- Login -->
        <test-method signature="Logout()[pri:0, instance:testAutomation.WebBrowserTesting@233fe9b6]" started-at="2020-08-08T00:43:12 EDT" name="Logout" finished-at="2020-08-08T00:43:15 EDT" duration-ms="3043" status="PASS">
          <reporter-output>
          </reporter-output>
        </test-method> <!-- Logout -->
        <test-method is-config="true" signature="afterClass()[pri:0, instance:testAutomation.WebBrowserTesting@233fe9b6]" started-at="2020-08-08T00:43:15 EDT" name="afterClass" finished-at="2020-08-08T00:43:15 EDT" duration-ms="256" status="PASS">
          <reporter-output>
          </reporter-output>
        </test-method> <!-- afterClass -->
      </class> <!-- testAutomation.WebBrowserTesting -->
    </test> <!-- Default test -->
  </suite> <!-- Default suite -->
</testng-results>
