<?xml version="1.0" encoding="UTF-8"?>
<!-- Generated by org.testng.reporters.JUnitReportReporter -->
<testsuite hostname="DESKTOP-CFHOJMH" failures="0" tests="2" name="testAutomation.WebBrowserTesting" time="4.740" errors="0" timestamp="2020-08-08T00:43:16 EDT" skipped="0">
  <testcase classname="testAutomation.WebBrowserTesting" name="Login" time="1.697"/>
  <system-out/>
  <testcase classname="testAutomation.WebBrowserTesting" name="Logout" time="3.043"/>
  <system-out/>
</testsuite> <!-- testAutomation.WebBrowserTesting -->
